# JRE version: Java(TM) SE Runtime Environment (8.0_91-b14) (build 1.8.0_91-b14)
# Java VM: Java HotSpot(TM) 64-Bit Server VM (25.91-b14 mixed mode linux-amd64 compressed oops)
Heap:
 PSYoungGen      total 27648K, used 10578K [0x00000000e1a00000, 0x00000000e5000000, 0x0000000100000000)
  eden space 24064K, 29% used [0x00000000e1a00000,0x00000000e20d9b60,0x00000000e3180000)
  from space 3584K, 99% used [0x00000000e3500000,0x00000000e387b000,0x00000000e3880000)
  to   space 3584K, 0% used [0x00000000e3180000,0x00000000e3180000,0x00000000e3500000)
 ParOldGen       total 62976K, used 2659K [0x00000000a4e00000, 0x00000000a8b80000, 0x00000000e1a00000)
  object space 62976K, 4% used [0x00000000a4e00000,0x00000000a5098e38,0x00000000a8b80000)
 Metaspace       used 16871K, capacity 17922K, committed 18176K, reserved 1064960K
  class space    used 2544K, capacity 2784K, committed 2816K, reserved 1048576K
GC Heap History (4 events):
Event: 3,749 GC heap before
{Heap before GC invocations=1 (full 0):
 PSYoungGen      total 27648K, used 24064K [0x00000000e1a00000, 0x00000000e3880000, 0x0000000100000000)
  eden space 24064K, 100% used [0x00000000e1a00000,0x00000000e3180000,0x00000000e3180000)
  from space 3584K, 0% used [0x00000000e3500000,0x00000000e3500000,0x00000000e3880000)
  to   space 3584K, 0% used [0x00000000e3180000,0x00000000e3180000,0x00000000e3500000)
 ParOldGen       total 62976K, used 0K [0x00000000a4e00000, 0x00000000a8b80000, 0x00000000e1a00000)
  object space 62976K, 0% used [0x00000000a4e00000,0x00000000a4e00000,0x00000000a8b80000)
 Metaspace       used 12230K, capacity 12718K, committed 12928K, reserved 1060864K
  class space    used 1706K, capacity 1862K, committed 1920K, reserved 1048576K
Event: 3,774 GC heap after
Heap after GC invocations=1 (full 0):
 PSYoungGen      total 27648K, used 3552K [0x00000000e1a00000, 0x00000000e3880000, 0x0000000100000000)
  eden space 24064K, 0% used [0x00000000e1a00000,0x00000000e1a00000,0x00000000e3180000)
  from space 3584K, 99% used [0x00000000e3180000,0x00000000e34f8040,0x00000000e3500000)
  to   space 3584K, 0% used [0x00000000e3500000,0x00000000e3500000,0x00000000e3880000)
 ParOldGen       total 62976K, used 851K [0x00000000a4e00000, 0x00000000a8b80000, 0x00000000e1a00000)
  object space 62976K, 1% used [0x00000000a4e00000,0x00000000a4ed4f30,0x00000000a8b80000)
 Metaspace       used 12230K, capacity 12718K, committed 12928K, reserved 1060864K
  class space    used 1706K, capacity 1862K, committed 1920K, reserved 1048576K
}
Event: 4,979 GC heap before
{Heap before GC invocations=2 (full 0):
 PSYoungGen      total 27648K, used 27600K [0x00000000e1a00000, 0x00000000e3880000, 0x0000000100000000)
  eden space 24064K, 99% used [0x00000000e1a00000,0x00000000e317c360,0x00000000e3180000)
  from space 3584K, 99% used [0x00000000e3180000,0x00000000e34f8040,0x00000000e3500000)
  to   space 3584K, 0% used [0x00000000e3500000,0x00000000e3500000,0x00000000e3880000)
 ParOldGen       total 62976K, used 851K [0x00000000a4e00000, 0x00000000a8b80000, 0x00000000e1a00000)
  object space 62976K, 1% used [0x00000000a4e00000,0x00000000a4ed4f30,0x00000000a8b80000)
 Metaspace       used 15905K, capacity 16832K, committed 17024K, reserved 1062912K
  class space    used 2403K, capacity 2621K, committed 2688K, reserved 1048576K
Event: 5,076 GC heap after
Heap after GC invocations=2 (full 0):
 PSYoungGen      total 27648K, used 3564K [0x00000000e1a00000, 0x00000000e5000000, 0x0000000100000000)
  eden space 24064K, 0% used [0x00000000e1a00000,0x00000000e1a00000,0x00000000e3180000)
  from space 3584K, 99% used [0x00000000e3500000,0x00000000e387b000,0x00000000e3880000)
  to   space 3584K, 0% used [0x00000000e3180000,0x00000000e3180000,0x00000000e3500000)
 ParOldGen       total 62976K, used 2659K [0x00000000a4e00000, 0x00000000a8b80000, 0x00000000e1a00000)
  object space 62976K, 4% used [0x00000000a4e00000,0x00000000a5098e38,0x00000000a8b80000)
 Metaspace       used 15905K, capacity 16832K, committed 17024K, reserved 1062912K
  class space    used 2403K, capacity 2621K, committed 2688K, reserved 1048576K
}

